2015-03-25 18:34:27.254 sasseo[9807:2058985] DiskCookieStorage changing policy from 2 to 0, cookie file: file:///Users/tata8407/Library/Developer/CoreSimulator/Devices/D5AB288E-CA35-4F0B-AC06-C935768291B1/data/Containers/Data/Application/CE0BE9C2-04F8-42E6-9F9A-8F2C724F2430/Library/Cookies/Cookies.binarycookies
2015-03-25 18:34:27.621 sasseo[9807:2058985] Apache Cordova native platform version 3.7.0 is starting.
2015-03-25 18:34:27.621 sasseo[9807:2058985] Multi-tasking -> Device: YES, App: YES
2015-03-25 18:34:27.657 sasseo[9807:2058985] Unlimited access to network resources
2015-03-25 18:34:29.687 sasseo[9807:2058985] [CDVTimer][keyboard] 0.079989ms
2015-03-25 18:34:29.687 sasseo[9807:2058985] [CDVTimer][TotalPluginStartup] 0.241995ms
2015-03-25 18:34:30.554 sasseo[9807:2058985] Resetting plugins due to page load.
2015-03-25 18:34:31.501 sasseo[9807:2058985] THREAD WARNING: ['Device'] took '17.791016' ms. Plugin should use a background thread.
2015-03-25 18:34:31.510 sasseo[9807:2058985] Finished load of: file:///Users/tata8407/Library/Developer/CoreSimulator/Devices/D5AB288E-CA35-4F0B-AC06-C935768291B1/data/Containers/Bundle/Application/3B6D06C0-D4AC-4D41-A343-CA64204A07EE/sasseo.app/www/index.html
2015-03-25 18:35:29.922 sasseo[9970:2068138] DiskCookieStorage changing policy from 2 to 0, cookie file: file:///Users/tata8407/Library/Developer/CoreSimulator/Devices/D5AB288E-CA35-4F0B-AC06-C935768291B1/data/Containers/Data/Application/C4585555-9D85-40B6-8990-D74941788792/Library/Cookies/Cookies.binarycookies
2015-03-25 18:35:30.005 sasseo[9970:2068138] Apache Cordova native platform version 3.7.0 is starting.
2015-03-25 18:35:30.005 sasseo[9970:2068138] Multi-tasking -> Device: YES, App: YES
2015-03-25 18:35:30.016 sasseo[9970:2068138] Unlimited access to network resources
2015-03-25 18:35:30.089 sasseo[9970:2068138] [CDVTimer][keyboard] 0.054955ms
2015-03-25 18:35:30.089 sasseo[9970:2068138] [CDVTimer][TotalPluginStartup] 0.223041ms
2015-03-25 18:35:30.272 sasseo[9970:2068138] Resetting plugins due to page load.
2015-03-25 18:35:30.648 sasseo[9970:2068138] Finished load of: file:///Users/tata8407/Library/Developer/CoreSimulator/Devices/D5AB288E-CA35-4F0B-AC06-C935768291B1/data/Containers/Bundle/Application/89C50F1B-67F2-452F-BF93-473253B57081/sasseo.app/www/index.html
2015-03-25 18:48:18.957 sasseo[10499:2147384] DiskCookieStorage changing policy from 2 to 0, cookie file: file:///Users/tata8407/Library/Developer/CoreSimulator/Devices/D5AB288E-CA35-4F0B-AC06-C935768291B1/data/Containers/Data/Application/5812DB9B-6096-4E09-927A-32D1D96A05F0/Library/Cookies/Cookies.binarycookies
2015-03-25 18:48:19.210 sasseo[10499:2147384] Apache Cordova native platform version 3.7.0 is starting.
2015-03-25 18:48:19.210 sasseo[10499:2147384] Multi-tasking -> Device: YES, App: YES
2015-03-25 18:48:19.227 sasseo[10499:2147384] Unlimited access to network resources
2015-03-25 18:48:19.722 sasseo[10499:2147384] [CDVTimer][keyboard] 0.066996ms
2015-03-25 18:48:19.722 sasseo[10499:2147384] [CDVTimer][TotalPluginStartup] 0.240982ms
2015-03-25 18:48:20.345 sasseo[10499:2147384] Resetting plugins due to page load.
2015-03-25 18:48:21.695 sasseo[10499:2147384] Finished load of: file:///Users/tata8407/Library/Developer/CoreSimulator/Devices/D5AB288E-CA35-4F0B-AC06-C935768291B1/data/Containers/Bundle/Application/697D2ECB-30D2-4EEB-B116-1665EF6FB475/sasseo.app/www/index.html
